<?xml version="1.0" encoding="UTF-8"?>
<!-- Generated by org.testng.reporters.JUnitReportReporter -->
<testsuite hostname="ManvithsDell" failures="0" tests="2" name="org.xyz.automation.facebook.Warnings" time="10.873" errors="0" timestamp="2023-11-23T22:45:11 EST" skipped="0">
  <testcase classname="org.xyz.automation.facebook.Warnings" name="handlealerts" time="5.833"/>
  <testcase classname="org.xyz.automation.facebook.Warnings" name="handleframes" time="5.040"/>
</testsuite> <!-- org.xyz.automation.facebook.Warnings -->
