<?xml version="1.0" encoding="UTF-8"?>
<!-- Generated by org.testng.reporters.JUnitReportReporter -->
<testsuite hostname="ManvithsDell" failures="0" tests="2" name="org.xyz.automation.facebook.LearnKeyboardMouse" time="5.069" errors="0" timestamp="2023-11-23T22:28:38 EST" skipped="1">
  <testcase classname="org.xyz.automation.facebook.LearnKeyboardMouse" name="learnmouse" time="5.069"/>
  <testcase classname="org.xyz.automation.facebook.LearnKeyboardMouse" name="leankeyboard">
    <skipped/>
  </testcase> <!-- leankeyboard -->
</testsuite> <!-- org.xyz.automation.facebook.LearnKeyboardMouse -->
