<?xml version="1.0" encoding="UTF-8"?>
<!-- Generated by org.testng.reporters.JUnitReportReporter -->
<testsuite hostname="ManvithsDell" failures="0" tests="1" name="org.xyz.automation.amazon.Amazondetails" time="4.305" errors="0" timestamp="2023-11-21T21:47:44 EST" skipped="0">
  <testcase classname="org.xyz.automation.amazon.Amazondetails" name="signupfunc" time="4.305"/>
</testsuite> <!-- org.xyz.automation.amazon.Amazondetails -->
