<?xml version="1.0" encoding="UTF-8"?>
<!-- Generated by org.testng.reporters.JUnitReportReporter -->
<testsuite hostname="ManvithsDell" failures="0" tests="1" name="org.xyz.automation.amazon.RepeatFetchTheData" time="4.346" errors="0" timestamp="2023-11-21T21:47:44 EST" skipped="0">
  <testcase classname="org.xyz.automation.amazon.RepeatFetchTheData" name="differntfields" time="4.346"/>
</testsuite> <!-- org.xyz.automation.amazon.RepeatFetchTheData -->
