<?xml version="1.0" encoding="UTF-8"?>
<!-- Generated by org.testng.reporters.JUnitReportReporter -->
<testsuite hostname="ManvithsDell" failures="0" tests="2" name="org.xyz.automation.facebook.BrowserControl" time="15.384" errors="0" timestamp="2023-11-21T21:47:44 EST" skipped="1">
  <testcase classname="org.xyz.automation.facebook.BrowserControl" name="differntfields" time="15.384"/>
  <testcase classname="org.xyz.automation.facebook.BrowserControl" name="launchbrowser">
    <skipped/>
  </testcase> <!-- launchbrowser -->
</testsuite> <!-- org.xyz.automation.facebook.BrowserControl -->
